running egg_info
writing build/pingpongbot/pingpongbot.egg-info/PKG-INFO
writing dependency_links to build/pingpongbot/pingpongbot.egg-info/dependency_links.txt
writing entry points to build/pingpongbot/pingpongbot.egg-info/entry_points.txt
writing requirements to build/pingpongbot/pingpongbot.egg-info/requires.txt
writing top-level names to build/pingpongbot/pingpongbot.egg-info/top_level.txt
reading manifest file 'build/pingpongbot/pingpongbot.egg-info/SOURCES.txt'
writing manifest file 'build/pingpongbot/pingpongbot.egg-info/SOURCES.txt'
running build
running build_py
copying pingpongbot/ball.py -> /home/baaqerfarhat/robotws/src/PingPongBot/build/pingpongbot/build/lib/pingpongbot
copying pingpongbot/robot.py -> /home/baaqerfarhat/robotws/src/PingPongBot/build/pingpongbot/build/lib/pingpongbot
running install
running install_lib
copying /home/baaqerfarhat/robotws/src/PingPongBot/build/pingpongbot/build/lib/pingpongbot/ball.py -> /home/baaqerfarhat/robotws/src/PingPongBot/install/pingpongbot/lib/python3.10/site-packages/pingpongbot
copying /home/baaqerfarhat/robotws/src/PingPongBot/build/pingpongbot/build/lib/pingpongbot/robot.py -> /home/baaqerfarhat/robotws/src/PingPongBot/install/pingpongbot/lib/python3.10/site-packages/pingpongbot
byte-compiling /home/baaqerfarhat/robotws/src/PingPongBot/install/pingpongbot/lib/python3.10/site-packages/pingpongbot/ball.py to ball.cpython-310.pyc
byte-compiling /home/baaqerfarhat/robotws/src/PingPongBot/install/pingpongbot/lib/python3.10/site-packages/pingpongbot/robot.py to robot.cpython-310.pyc
running install_data
error: can't copy 'rviz/log': doesn't exist or not a regular file
